New folder/launcher/build/intermediates/proguard-rules/debug/aapt_rules.txt
# Referenced at merged_manifests\debug\AndroidManifest.xml:44
-keep class com.unity3d.player.UnityPlayerActivity { <init>(); }