New folder/launcher/build/outputs/mapping/debug/mapping.txt
# compiler: R8
# compiler_version: 1.4.77
# min_api: 24
...
com.google.androidgamesdk.ChoreographerCallback$1 -> com.google.androidgamesdk.a:
com.google.androidgamesdk.SwappyDisplayManager$1 -> com.google.androidgamesdk.b:
com.google.androidgamesdk.SwappyDisplayManager$a -> com.google.androidgamesdk.SwappyDisplayManager$a:
    com.google.androidgamesdk.SwappyDisplayManager b -> d
    java.util.concurrent.locks.Condition d -> c
    java.util.concurrent.locks.Lock c -> b
com.unity3d.player.BuildConfig -> com.unity3d.player.BuildConfig:
    7:7:void <clinit>() -> <clinit>
    6:6:void <init>() -> <init>
com.unity3d.player.R -> com.unity3d.player.R:
    10:10:void <init>() -> <init>
com.unity3d.player.R$style -> com.unity3d.player.R$style:
    13:13:void <init>() -> <init>
com.unity3d.player.UnityPlayerActivity -> com.unity3d.player.UnityPlayerActivity:
    16:16:void <init>() -> <init>
    122:124:boolean dispatchKeyEvent(android.view.KeyEvent) -> dispatchKeyEvent
    107:109:void onConfigurationChanged(android.content.res.Configuration) -> onConfigurationChanged
    35:44:void onCreate(android.os.Bundle) -> onCreate
    69:71:void onDestroy() -> onDestroy
    131:131:boolean onGenericMotionEvent(android.view.MotionEvent) -> onGenericMotionEvent
    129:129:boolean onKeyDown(int,android.view.KeyEvent) -> onKeyDown
    128:128:boolean onKeyUp(int,android.view.KeyEvent) -> onKeyUp
    90:92:void onLowMemory() -> onLowMemory
    62:64:void onNewIntent(android.content.Intent) -> onNewIntent
    76:78:void onPause() -> onPause
    83:85:void onResume() -> onResume
    130:130:boolean onTouchEvent(android.view.MotionEvent) -> onTouchEvent
    97:102:void onTrimMemory(int) -> onTrimMemory
    53:54:void onUnityPlayerQuitted() -> onUnityPlayerQuitted
    48:49:void onUnityPlayerUnloaded() -> onUnityPlayerUnloaded
    114:116:void onWindowFocusChanged(boolean) -> onWindowFocusChanged
    29:29:java.lang.String updateUnityCommandLineArguments(java.lang.String) -> updateUnityCommandLineArguments